Start testing: Jun 14 12:22 MSK
----------------------------------------------------------
1/2 Testing: test_not_segfaults
1/2 Test: test_not_segfaults
Command: "/home/fexolm/Documents/git/pefa/build/tests/test_not_segfaults"
Directory: /home/fexolm/Documents/git/pefa/build/tests
"test_not_segfaults" start time: Jun 14 12:22 MSK
Output:
----------------------------------------------------------
Running main() from gtest_main.cc
[==========] Running 2 tests from 1 test case.
[----------] Global test environment set-up.
[----------] 2 tests from NotSegfaultTest
[ RUN      ] NotSegfaultTest.projectionTest
[       OK ] NotSegfaultTest.projectionTest (2 ms)
[ RUN      ] NotSegfaultTest.filterTest
[       OK ] NotSegfaultTest.filterTest (42 ms)
[----------] 2 tests from NotSegfaultTest (44 ms total)

[----------] Global test environment tear-down
[==========] 2 tests from 1 test case ran. (44 ms total)
[  PASSED  ] 2 tests.
<end of output>
Test time =   0.08 sec
----------------------------------------------------------
Test Passed.
"test_not_segfaults" end time: Jun 14 12:22 MSK
"test_not_segfaults" time elapsed: 00:00:00
----------------------------------------------------------

2/2 Testing: test_filter_kernel
2/2 Test: test_filter_kernel
Command: "/home/fexolm/Documents/git/pefa/build/tests/test_filter_kernel"
Directory: /home/fexolm/Documents/git/pefa/build/tests
"test_filter_kernel" start time: Jun 14 12:22 MSK
Output:
----------------------------------------------------------
Running main() from gtest_main.cc
[==========] Running 40 tests from 10 test cases.
[----------] Global test environment set-up.
[----------] 4 tests from FilterKernelOffsetsTest/0, where TypeParam = arrow::UInt8Type
[ RUN      ] FilterKernelOffsetsTest/0.testWithoutOffset
[       OK ] FilterKernelOffsetsTest/0.testWithoutOffset (60 ms)
[ RUN      ] FilterKernelOffsetsTest/0.testWithOffset2
[       OK ] FilterKernelOffsetsTest/0.testWithOffset2 (56 ms)
[ RUN      ] FilterKernelOffsetsTest/0.testWithOffset4
[       OK ] FilterKernelOffsetsTest/0.testWithOffset4 (55 ms)
[ RUN      ] FilterKernelOffsetsTest/0.testWithOffset10
[       OK ] FilterKernelOffsetsTest/0.testWithOffset10 (54 ms)
[----------] 4 tests from FilterKernelOffsetsTest/0 (225 ms total)

[----------] 4 tests from FilterKernelOffsetsTest/1, where TypeParam = arrow::UInt16Type
[ RUN      ] FilterKernelOffsetsTest/1.testWithoutOffset
[       OK ] FilterKernelOffsetsTest/1.testWithoutOffset (36 ms)
[ RUN      ] FilterKernelOffsetsTest/1.testWithOffset2
[       OK ] FilterKernelOffsetsTest/1.testWithOffset2 (34 ms)
[ RUN      ] FilterKernelOffsetsTest/1.testWithOffset4
[       OK ] FilterKernelOffsetsTest/1.testWithOffset4 (35 ms)
[ RUN      ] FilterKernelOffsetsTest/1.testWithOffset10
[       OK ] FilterKernelOffsetsTest/1.testWithOffset10 (35 ms)
[----------] 4 tests from FilterKernelOffsetsTest/1 (140 ms total)

[----------] 4 tests from FilterKernelOffsetsTest/2, where TypeParam = arrow::UInt32Type
[ RUN      ] FilterKernelOffsetsTest/2.testWithoutOffset
[       OK ] FilterKernelOffsetsTest/2.testWithoutOffset (27 ms)
[ RUN      ] FilterKernelOffsetsTest/2.testWithOffset2
[       OK ] FilterKernelOffsetsTest/2.testWithOffset2 (28 ms)
[ RUN      ] FilterKernelOffsetsTest/2.testWithOffset4
[       OK ] FilterKernelOffsetsTest/2.testWithOffset4 (27 ms)
[ RUN      ] FilterKernelOffsetsTest/2.testWithOffset10
[       OK ] FilterKernelOffsetsTest/2.testWithOffset10 (27 ms)
[----------] 4 tests from FilterKernelOffsetsTest/2 (109 ms total)

[----------] 4 tests from FilterKernelOffsetsTest/3, where TypeParam = arrow::UInt64Type
[ RUN      ] FilterKernelOffsetsTest/3.testWithoutOffset
[       OK ] FilterKernelOffsetsTest/3.testWithoutOffset (25 ms)
[ RUN      ] FilterKernelOffsetsTest/3.testWithOffset2
[       OK ] FilterKernelOffsetsTest/3.testWithOffset2 (25 ms)
[ RUN      ] FilterKernelOffsetsTest/3.testWithOffset4
[       OK ] FilterKernelOffsetsTest/3.testWithOffset4 (25 ms)
[ RUN      ] FilterKernelOffsetsTest/3.testWithOffset10
[       OK ] FilterKernelOffsetsTest/3.testWithOffset10 (25 ms)
[----------] 4 tests from FilterKernelOffsetsTest/3 (101 ms total)

[----------] 4 tests from FilterKernelOffsetsTest/4, where TypeParam = arrow::Int8Type
[ RUN      ] FilterKernelOffsetsTest/4.testWithoutOffset
[       OK ] FilterKernelOffsetsTest/4.testWithoutOffset (55 ms)
[ RUN      ] FilterKernelOffsetsTest/4.testWithOffset2
[       OK ] FilterKernelOffsetsTest/4.testWithOffset2 (56 ms)
[ RUN      ] FilterKernelOffsetsTest/4.testWithOffset4
[       OK ] FilterKernelOffsetsTest/4.testWithOffset4 (56 ms)
[ RUN      ] FilterKernelOffsetsTest/4.testWithOffset10
[       OK ] FilterKernelOffsetsTest/4.testWithOffset10 (56 ms)
[----------] 4 tests from FilterKernelOffsetsTest/4 (223 ms total)

[----------] 4 tests from FilterKernelOffsetsTest/5, where TypeParam = arrow::Int16Type
[ RUN      ] FilterKernelOffsetsTest/5.testWithoutOffset
[       OK ] FilterKernelOffsetsTest/5.testWithoutOffset (36 ms)
[ RUN      ] FilterKernelOffsetsTest/5.testWithOffset2
[       OK ] FilterKernelOffsetsTest/5.testWithOffset2 (36 ms)
[ RUN      ] FilterKernelOffsetsTest/5.testWithOffset4
[       OK ] FilterKernelOffsetsTest/5.testWithOffset4 (36 ms)
[ RUN      ] FilterKernelOffsetsTest/5.testWithOffset10
[       OK ] FilterKernelOffsetsTest/5.testWithOffset10 (36 ms)
[----------] 4 tests from FilterKernelOffsetsTest/5 (144 ms total)

[----------] 4 tests from FilterKernelOffsetsTest/6, where TypeParam = arrow::Int32Type
[ RUN      ] FilterKernelOffsetsTest/6.testWithoutOffset
[       OK ] FilterKernelOffsetsTest/6.testWithoutOffset (28 ms)
[ RUN      ] FilterKernelOffsetsTest/6.testWithOffset2
[       OK ] FilterKernelOffsetsTest/6.testWithOffset2 (30 ms)
[ RUN      ] FilterKernelOffsetsTest/6.testWithOffset4
[       OK ] FilterKernelOffsetsTest/6.testWithOffset4 (24 ms)
[ RUN      ] FilterKernelOffsetsTest/6.testWithOffset10
[       OK ] FilterKernelOffsetsTest/6.testWithOffset10 (25 ms)
[----------] 4 tests from FilterKernelOffsetsTest/6 (107 ms total)

[----------] 4 tests from FilterKernelOffsetsTest/7, where TypeParam = arrow::Int64Type
[ RUN      ] FilterKernelOffsetsTest/7.testWithoutOffset
[       OK ] FilterKernelOffsetsTest/7.testWithoutOffset (27 ms)
[ RUN      ] FilterKernelOffsetsTest/7.testWithOffset2
[       OK ] FilterKernelOffsetsTest/7.testWithOffset2 (23 ms)
[ RUN      ] FilterKernelOffsetsTest/7.testWithOffset4
[       OK ] FilterKernelOffsetsTest/7.testWithOffset4 (22 ms)
[ RUN      ] FilterKernelOffsetsTest/7.testWithOffset10
[       OK ] FilterKernelOffsetsTest/7.testWithOffset10 (24 ms)
[----------] 4 tests from FilterKernelOffsetsTest/7 (96 ms total)

[----------] 4 tests from FilterKernelOffsetsTest/8, where TypeParam = arrow::FloatType
[ RUN      ] FilterKernelOffsetsTest/8.testWithoutOffset
[       OK ] FilterKernelOffsetsTest/8.testWithoutOffset (35 ms)
[ RUN      ] FilterKernelOffsetsTest/8.testWithOffset2
[       OK ] FilterKernelOffsetsTest/8.testWithOffset2 (31 ms)
[ RUN      ] FilterKernelOffsetsTest/8.testWithOffset4
[       OK ] FilterKernelOffsetsTest/8.testWithOffset4 (34 ms)
[ RUN      ] FilterKernelOffsetsTest/8.testWithOffset10
[       OK ] FilterKernelOffsetsTest/8.testWithOffset10 (31 ms)
[----------] 4 tests from FilterKernelOffsetsTest/8 (131 ms total)

[----------] 4 tests from FilterKernelOffsetsTest/9, where TypeParam = arrow::DoubleType
[ RUN      ] FilterKernelOffsetsTest/9.testWithoutOffset
[       OK ] FilterKernelOffsetsTest/9.testWithoutOffset (26 ms)
[ RUN      ] FilterKernelOffsetsTest/9.testWithOffset2
[       OK ] FilterKernelOffsetsTest/9.testWithOffset2 (28 ms)
[ RUN      ] FilterKernelOffsetsTest/9.testWithOffset4
[       OK ] FilterKernelOffsetsTest/9.testWithOffset4 (25 ms)
[ RUN      ] FilterKernelOffsetsTest/9.testWithOffset10
[       OK ] FilterKernelOffsetsTest/9.testWithOffset10 (26 ms)
[----------] 4 tests from FilterKernelOffsetsTest/9 (105 ms total)

[----------] Global test environment tear-down
[==========] 40 tests from 10 test cases ran. (1381 ms total)
[  PASSED  ] 40 tests.
<end of output>
Test time =   1.50 sec
----------------------------------------------------------
Test Passed.
"test_filter_kernel" end time: Jun 14 12:22 MSK
"test_filter_kernel" time elapsed: 00:00:01
----------------------------------------------------------

End testing: Jun 14 12:22 MSK
